#-----------------------------------------------------------
# Vivado v2016.2 (64-bit)
# SW Build 1577090 on Thu Jun  2 16:32:40 MDT 2016
# IP Build 1577682 on Fri Jun  3 12:00:54 MDT 2016
# Start of session at: Thu Jun 01 10:34:00 2017
# Process ID: 11820
# Current directory: C:/Users/mdutk/Desktop/ProjektCyfrowka/Tetris
# Command line: vivado.exe -gui_launcher_event rodinguilauncherevent12704 C:\Users\mdutk\Desktop\ProjektCyfrowka\Tetris\Tetris.xpr
# Log file: C:/Users/mdutk/Desktop/ProjektCyfrowka/Tetris/vivado.log
# Journal file: C:/Users/mdutk/Desktop/ProjektCyfrowka/Tetris\vivado.jou
#-----------------------------------------------------------
start_gui
open_project C:/Users/mdutk/Desktop/ProjektCyfrowka/Tetris/Tetris.xpr
INFO: [Project 1-313] Project file moved from 'F:/Dropbox/Studia/AGH/IVsem/ElektronikaCyfrowa/Projekt/Tetris' since last save.
Scanning sources...
Finished scanning sources
INFO: [IP_Flow 19-234] Refreshing IP repositories
INFO: [IP_Flow 19-1704] No user IP repositories specified
INFO: [IP_Flow 19-2313] Loaded Vivado IP repository 'C:/Xilinx/Vivado/2016.2/data/ip'.
open_project: Time (s): cpu = 00:00:14 ; elapsed = 00:00:06 . Memory (MB): peak = 788.398 ; gain = 137.152
update_compile_order -fileset sources_1
close [ open C:/Users/mdutk/Desktop/ProjektCyfrowka/Tetris/Tetris.srcs/sources_1/new/vga_timing.v w ]
add_files C:/Users/mdutk/Desktop/ProjektCyfrowka/Tetris/Tetris.srcs/sources_1/new/vga_timing.v
update_compile_order -fileset sources_1
ERROR: [Vivado 12-106] *** Exception: java.lang.IllegalArgumentException: Comparison method violates its general contract! (See C:/Users/mdutk/Desktop/ProjektCyfrowka/Tetris/vivado_pid11820.debug)
ERROR: [Vivado 12-106] *** Exception: java.lang.IllegalArgumentException: Comparison method violates its general contract! (See C:/Users/mdutk/Desktop/ProjektCyfrowka/Tetris/vivado_pid11820.debug)
ERROR: [Vivado 12-106] *** Exception: java.lang.IllegalArgumentException: Comparison method violates its general contract! (See C:/Users/mdutk/Desktop/ProjektCyfrowka/Tetris/vivado_pid11820.debug)
ERROR: [Vivado 12-106] *** Exception: java.lang.IllegalArgumentException: Comparison method violates its general contract! (See C:/Users/mdutk/Desktop/ProjektCyfrowka/Tetris/vivado_pid11820.debug)
exit
INFO: [Common 17-206] Exiting Vivado at Thu Jun 01 10:38:11 2017...
