#-----------------------------------------------------------
# Vivado v2016.2 (64-bit)
# SW Build 1577090 on Thu Jun  2 16:32:40 MDT 2016
# IP Build 1577682 on Fri Jun  3 12:00:54 MDT 2016
# Start of session at: Fri Jun 02 15:40:06 2017
# Process ID: 16284
# Current directory: C:/Users/mdutk/Desktop/ProjektCyfrowka/Tetris
# Command line: vivado.exe -gui_launcher_event rodinguilauncherevent16252 C:\Users\mdutk\Desktop\ProjektCyfrowka\Tetris\Tetris.xpr
# Log file: C:/Users/mdutk/Desktop/ProjektCyfrowka/Tetris/vivado.log
# Journal file: C:/Users/mdutk/Desktop/ProjektCyfrowka/Tetris\vivado.jou
#-----------------------------------------------------------sstart_guioopen_project C:/Users/mdutk/Desktop/ProjektCyfrowka/Tetris/Tetris.xpr
Scanning sources...
Finished scanning sources
INFO: [IP_Flow 19-234] Refreshing IP repositories
INFO: [IP_Flow 19-1704] No user IP repositories specified
INFO: [IP_Flow 19-2313] Loaded Vivado IP repository 'C:/Xilinx/Vivado/2016.2/data/ip'.oINFO: [Common 17-41] Interrupt caught. Command should exit soon.
INFO: [Common 17-344] 'set_property' was update_compile_order -fileset sources_1
perty' was cancelled
INFO: [Common 17-344] 'open_project' was cancelled
update_compile_order -fileset sources_1
update_compile_order -fileset sim_1
exit
INFO: [Common 17-206] Exiting Vivado at Fri Jun 02 15:42:34 2017...
