Copyright 1986-2016 Xilinx, Inc. All Rights Reserved.
------------------------------------------------------------------------------------
| Tool Version : Vivado v.2016.2 (win64) Build 1577090 Thu Jun  2 16:32:40 MDT 2016
| Date         : Fri Jun 02 16:38:18 2017
| Host         : DESKTOP-LMRPJQ5 running 64-bit major release  (build 9200)
| Command      : report_drc -file TOP_drc_opted.rpt
| Design       : TOP
| Device       : xc7a35ticpg236-1L
| Speed File   : -1L
------------------------------------------------------------------------------------

Report DRC

Table of Contents
-----------------
1. REPORT SUMMARY
2. REPORT DETAILS

1. REPORT SUMMARY
-----------------
            Netlist: netlist
          Floorplan: design_1
      Design limits: <entire design considered>
           Ruledeck: default
             Max violations: <unlimited>
             Violations found: 1

2. REPORT DETAILS
-----------------
BUFC-1#1 Warning
Input Buffer Connections  
Input buffer ps2_data_IOBUF_inst/IBUF (in ps2_data_IOBUF_inst macro) has no loads. It is recommended to have an input buffer drive an internal load.
Related violations: <none>


